Arguments: 
  /usr/bin/node /usr/bin/yarn

PATH: 
  /home/viktor/.dotnet/tools:/home/viktor/bin:/home/viktor/.cargo/bin:/home/viktor/.local/bin:/home/viktor/bin:/usr/local/sbin:/usr/local/bin:/usr/sbin:/usr/bin:/sbin:/bin:/usr/games:/usr/local/games:/snap/bin:/home/viktor/dev/flutter/bin

Yarn version: 
  1.22.19

Node version: 
  18.14.2

Platform: 
  linux x64

Trace: 
  Error: getaddrinfo EAI_AGAIN registry.yarnpkg.com
      at GetAddrInfoReqWrap.onlookup [as oncomplete] (node:dns:107:26)

npm manifest: 
  {
    "name": "launchpad",
    "version": "1.0.0",
    "description": "",
    "main": "index.js",
    "scripts": {
      "test": "echo \"Error: no test specified\" && exit 1"
    },
    "keywords": [],
    "author": "",
    "license": "ISC",
    "dependencies": {
      "@openzeppelin/contracts": "^4.9.0",
      "dotenv": "^16.1.0",
      "hardhat": "^2.14.0"
    },
    "devDependencies": {
      "@nomicfoundation/hardhat-toolbox": "^2.0.2"
    }
  }

yarn manifest: 
  No manifest

Lockfile: 
  No lockfile
